<?xml version="1.0" encoding="UTF-8"?>
<testng-results skipped="0" failed="0" total="1" passed="1">
  <reporter-output>
  </reporter-output>
  <suite name="Default suite" duration-ms="26255" started-at="2019-09-17T08:54:42Z" finished-at="2019-09-17T08:55:08Z">
    <groups>
    </groups>
    <test name="Default test" duration-ms="26255" started-at="2019-09-17T08:54:42Z" finished-at="2019-09-17T08:55:08Z">
      <class name="Testcases.LoginApplication">
        <test-method status="PASS" signature="Login()[pri:0, instance:Testcases.LoginApplication@36f6e879]" name="Login" duration-ms="26235" started-at="2019-09-17T14:24:42Z" finished-at="2019-09-17T14:25:08Z">
          <reporter-output>
          </reporter-output>
        </test-method> <!-- Login -->
      </class> <!-- Testcases.LoginApplication -->
    </test> <!-- Default test -->
  </suite> <!-- Default suite -->
</testng-results>
